TN:
SF:src\modules\appointments\services\CreateAppointmentService.ts
FN:15,(anonymous_18)
FN:16,CreateAppointmentService
FN:21,(anonymous_20)
FNF:3
FNH:3
FNDA:1,(anonymous_18)
FNDA:2,CreateAppointmentService
FNDA:3,(anonymous_20)
DA:1,1
DA:2,1
DA:4,1
DA:15,1
DA:18,2
DA:21,1
DA:22,3
DA:23,3
DA:25,3
DA:27,3
DA:31,3
DA:32,1
DA:35,2
DA:40,2
DA:42,1
DA:44,1
LF:16
LH:16
BRDA:31,0,0,1
BRDA:31,0,1,2
BRF:2
BRH:2
end_of_record
TN:
SF:src\modules\users\services\AuthenticateUserService.ts
FN:23,(anonymous_18)
FN:24,AuthenticateUserService
FN:29,(anonymous_20)
FNF:3
FNH:3
FNDA:1,(anonymous_18)
FNDA:3,AuthenticateUserService
FNDA:3,(anonymous_20)
DA:1,1
DA:2,1
DA:3,1
DA:5,1
DA:7,1
DA:23,1
DA:26,3
DA:29,3
DA:30,3
DA:32,3
DA:33,1
DA:36,2
DA:38,1
DA:39,0
DA:42,1
DA:44,1
DA:49,1
DA:51,1
DA:53,1
LF:19
LH:18
BRDA:30,0,0,3
BRDA:32,1,0,1
BRDA:32,1,1,2
BRDA:38,2,0,0
BRDA:38,2,1,1
BRF:5
BRH:4
end_of_record
TN:
SF:src\modules\users\services\CreateUserService.ts
FN:16,(anonymous_18)
FN:17,CreateUserService
FN:22,(anonymous_20)
FNF:3
FNH:3
FNDA:3,(anonymous_18)
FNDA:7,CreateUserService
FNDA:8,(anonymous_20)
DA:1,3
DA:2,3
DA:4,3
DA:16,3
DA:19,7
DA:22,8
DA:23,8
DA:25,8
DA:26,1
DA:29,7
DA:31,7
DA:37,7
DA:39,3
DA:41,3
LF:14
LH:14
BRDA:23,0,0,8
BRDA:25,1,0,1
BRDA:25,1,1,7
BRF:3
BRH:3
end_of_record
TN:
SF:src\modules\users\services\UpdateUserAvatarService.ts
FN:18,(anonymous_18)
FN:19,UpdateUserAvatarService
FN:24,(anonymous_20)
FNF:3
FNH:3
FNDA:1,(anonymous_18)
FNDA:3,UpdateUserAvatarService
FNDA:4,(anonymous_20)
DA:1,1
DA:2,1
DA:3,1
DA:5,1
DA:7,1
DA:18,1
DA:21,3
DA:24,1
DA:25,4
DA:26,4
DA:28,4
DA:30,4
DA:31,1
DA:34,5
DA:35,1
DA:37,1
DA:39,1
DA:40,2
DA:44,3
DA:46,6
DA:48,3
DA:50,1
DA:52,1
LF:23
LH:23
BRDA:28,0,0,4
BRDA:30,1,0,1
BRDA:30,1,1,3
BRDA:34,2,0,2
BRDA:34,2,1,1
BRDA:39,3,0,0
BRDA:39,3,1,1
BRF:7
BRH:6
end_of_record
